0 info it worked if it ends with ok
1 verbose cli [ '/usr/local/bin/node',
1 verbose cli   '/usr/local/bin/npm',
1 verbose cli   'install',
1 verbose cli   'vlucas/phpdotenv' ]
2 info using npm@3.10.8
3 info using node@v6.9.1
4 silly loadCurrentTree Starting
5 silly install loadCurrentTree
6 silly install readLocalPackageData
7 silly fetchPackageMetaData vlucas/phpdotenv
8 silly fetchOtherPackageData vlucas/phpdotenv
9 silly cache add args [ 'vlucas/phpdotenv', null ]
10 verbose cache add spec vlucas/phpdotenv
11 silly cache add parsed spec Result {
11 silly cache add   raw: 'vlucas/phpdotenv',
11 silly cache add   scope: null,
11 silly cache add   escapedName: null,
11 silly cache add   name: null,
11 silly cache add   rawSpec: 'vlucas/phpdotenv',
11 silly cache add   spec: 'github:vlucas/phpdotenv',
11 silly cache add   type: 'hosted',
11 silly cache add   hosted:
11 silly cache add    { type: 'github',
11 silly cache add      ssh: 'git@github.com:vlucas/phpdotenv.git',
11 silly cache add      sshUrl: 'git+ssh://git@github.com/vlucas/phpdotenv.git',
11 silly cache add      httpsUrl: 'git+https://github.com/vlucas/phpdotenv.git',
11 silly cache add      gitUrl: 'git://github.com/vlucas/phpdotenv.git',
11 silly cache add      shortcut: 'github:vlucas/phpdotenv',
11 silly cache add      directUrl: 'https://raw.githubusercontent.com/vlucas/phpdotenv/master/package.json' } }
12 verbose addRemoteGit caching vlucas/phpdotenv
13 verbose addRemoteGit vlucas/phpdotenv is a repository hosted by github
14 silly tryGitProto attempting to clone git://github.com/vlucas/phpdotenv.git
15 silly tryClone cloning vlucas/phpdotenv via git://github.com/vlucas/phpdotenv.git
16 verbose tryClone git-github-com-vlucas-phpdotenv-git-8c12b7bc not in flight; caching
17 verbose correctMkdir /Users/max.vanray/.npm/_git-remotes correctMkdir not in flight; initializing
18 info git [ 'config', '--get', 'remote.origin.url' ]
19 silly validateExistingRemote vlucas/phpdotenv remote.origin.url: git://github.com/vlucas/phpdotenv.git
20 verbose validateExistingRemote vlucas/phpdotenv is updating existing cached remote /Users/max.vanray/.npm/_git-remotes/git-github-com-vlucas-phpdotenv-git-8c12b7bc
21 info git [ 'fetch', '-a', 'origin' ]
22 verbose updateRemote git fetch -a origin (git://github.com/vlucas/phpdotenv.git)
23 verbose correctMkdir /Users/max.vanray/.npm/_git-remotes correctMkdir not in flight; initializing
24 verbose setPermissions vlucas/phpdotenv set permissions on /Users/max.vanray/.npm/_git-remotes/git-github-com-vlucas-phpdotenv-git-8c12b7bc
25 verbose resolveHead vlucas/phpdotenv original treeish: master
26 info git [ 'rev-list', '-n1', 'master' ]
27 silly resolveHead vlucas/phpdotenv resolved treeish: 7ac2c1cef304f5bd5a8d40750fbcbdd49333b9e5
28 verbose resolveHead vlucas/phpdotenv resolved Git URL: git://github.com/vlucas/phpdotenv.git#7ac2c1cef304f5bd5a8d40750fbcbdd49333b9e5
29 silly resolveHead Git working directory: /tmp/npm-72304-7e1a6ad7/git-cache-139e1fb1/7ac2c1cef304f5bd5a8d40750fbcbdd49333b9e5
30 info git [ 'clone',
30 info git   '/Users/max.vanray/.npm/_git-remotes/git-github-com-vlucas-phpdotenv-git-8c12b7bc',
30 info git   '/tmp/npm-72304-7e1a6ad7/git-cache-139e1fb1/7ac2c1cef304f5bd5a8d40750fbcbdd49333b9e5' ]
31 verbose cloneResolved vlucas/phpdotenv clone Cloning into '/tmp/npm-72304-7e1a6ad7/git-cache-139e1fb1/7ac2c1cef304f5bd5a8d40750fbcbdd49333b9e5'...
31 verbose cloneResolved done.
32 info git [ 'checkout', '7ac2c1cef304f5bd5a8d40750fbcbdd49333b9e5' ]
33 verbose checkoutTreeish vlucas/phpdotenv checkout Note: checking out '7ac2c1cef304f5bd5a8d40750fbcbdd49333b9e5'.
33 verbose checkoutTreeish
33 verbose checkoutTreeish You are in 'detached HEAD' state. You can look around, make experimental
33 verbose checkoutTreeish changes and commit them, and you can discard any commits you make in this
33 verbose checkoutTreeish state without impacting any branches by performing another checkout.
33 verbose checkoutTreeish
33 verbose checkoutTreeish If you want to create a new branch to retain commits you create, you may
33 verbose checkoutTreeish do so (now or later) by using -b with the checkout command again. Example:
33 verbose checkoutTreeish
33 verbose checkoutTreeish   git checkout -b <new-branch-name>
33 verbose checkoutTreeish
33 verbose checkoutTreeish HEAD is now at 7ac2c1c... Loader: use isset instead of strpbrk (#223)
34 info git [ 'submodule', '-q', 'update', '--init', '--recursive' ]
35 verbose updateSubmodules vlucas/phpdotenv submodule update
36 error addLocal Could not install /tmp/npm-72304-7e1a6ad7/git-cache-139e1fb1/7ac2c1cef304f5bd5a8d40750fbcbdd49333b9e5
37 silly tryHTTPS attempting to clone git+https://github.com/vlucas/phpdotenv.git
38 silly tryClone cloning vlucas/phpdotenv via git+https://github.com/vlucas/phpdotenv.git
39 verbose tryClone git-https-github-com-vlucas-phpdotenv-git-b35ba9ba not in flight; caching
40 verbose correctMkdir /Users/max.vanray/.npm/_git-remotes correctMkdir not in flight; initializing
41 info git [ 'config', '--get', 'remote.origin.url' ]
42 silly validateExistingRemote vlucas/phpdotenv remote.origin.url: https://github.com/vlucas/phpdotenv.git
43 verbose validateExistingRemote vlucas/phpdotenv is updating existing cached remote /Users/max.vanray/.npm/_git-remotes/git-https-github-com-vlucas-phpdotenv-git-b35ba9ba
44 info git [ 'fetch', '-a', 'origin' ]
45 verbose updateRemote git fetch -a origin (https://github.com/vlucas/phpdotenv.git)
46 verbose correctMkdir /Users/max.vanray/.npm/_git-remotes correctMkdir not in flight; initializing
47 verbose setPermissions vlucas/phpdotenv set permissions on /Users/max.vanray/.npm/_git-remotes/git-https-github-com-vlucas-phpdotenv-git-b35ba9ba
48 verbose resolveHead vlucas/phpdotenv original treeish: master
49 info git [ 'rev-list', '-n1', 'master' ]
50 silly resolveHead vlucas/phpdotenv resolved treeish: 7ac2c1cef304f5bd5a8d40750fbcbdd49333b9e5
51 verbose resolveHead vlucas/phpdotenv resolved Git URL: git+https://github.com/vlucas/phpdotenv.git#7ac2c1cef304f5bd5a8d40750fbcbdd49333b9e5
52 silly resolveHead Git working directory: /tmp/npm-72304-7e1a6ad7/git-cache-4221e52d/7ac2c1cef304f5bd5a8d40750fbcbdd49333b9e5
53 info git [ 'clone',
53 info git   '/Users/max.vanray/.npm/_git-remotes/git-https-github-com-vlucas-phpdotenv-git-b35ba9ba',
53 info git   '/tmp/npm-72304-7e1a6ad7/git-cache-4221e52d/7ac2c1cef304f5bd5a8d40750fbcbdd49333b9e5' ]
54 verbose cloneResolved vlucas/phpdotenv clone Cloning into '/tmp/npm-72304-7e1a6ad7/git-cache-4221e52d/7ac2c1cef304f5bd5a8d40750fbcbdd49333b9e5'...
54 verbose cloneResolved done.
55 info git [ 'checkout', '7ac2c1cef304f5bd5a8d40750fbcbdd49333b9e5' ]
56 verbose checkoutTreeish vlucas/phpdotenv checkout Note: checking out '7ac2c1cef304f5bd5a8d40750fbcbdd49333b9e5'.
56 verbose checkoutTreeish
56 verbose checkoutTreeish You are in 'detached HEAD' state. You can look around, make experimental
56 verbose checkoutTreeish changes and commit them, and you can discard any commits you make in this
56 verbose checkoutTreeish state without impacting any branches by performing another checkout.
56 verbose checkoutTreeish
56 verbose checkoutTreeish If you want to create a new branch to retain commits you create, you may
56 verbose checkoutTreeish do so (now or later) by using -b with the checkout command again. Example:
56 verbose checkoutTreeish
56 verbose checkoutTreeish   git checkout -b <new-branch-name>
56 verbose checkoutTreeish
56 verbose checkoutTreeish HEAD is now at 7ac2c1c... Loader: use isset instead of strpbrk (#223)
57 info git [ 'submodule', '-q', 'update', '--init', '--recursive' ]
58 verbose updateSubmodules vlucas/phpdotenv submodule update
59 error addLocal Could not install /tmp/npm-72304-7e1a6ad7/git-cache-4221e52d/7ac2c1cef304f5bd5a8d40750fbcbdd49333b9e5
60 silly trySSH attempting to clone git@github.com:vlucas/phpdotenv.git
61 silly tryClone cloning vlucas/phpdotenv via git@github.com:vlucas/phpdotenv.git
62 verbose tryClone git-github-com-vlucas-phpdotenv-git-3d4b71eb not in flight; caching
63 verbose correctMkdir /Users/max.vanray/.npm/_git-remotes correctMkdir not in flight; initializing
64 info git [ 'clone',
64 info git   '--template=/Users/max.vanray/.npm/_git-remotes/_templates',
64 info git   '--mirror',
64 info git   'git@github.com:vlucas/phpdotenv.git',
64 info git   '/Users/max.vanray/.npm/_git-remotes/git-github-com-vlucas-phpdotenv-git-3d4b71eb' ]
65 error git clone --template=/Users/max.vanray/.npm/_git-remotes/_templates --mirror git@github.com:vlucas/phpdotenv.git /Users/max.vanray/.npm/_git-remotes/git-github-com-vlucas-phpdotenv-git-3d4b71eb: Cloning into bare repository '/Users/max.vanray/.npm/_git-remotes/git-github-com-vlucas-phpdotenv-git-3d4b71eb'...
65 error git clone --template=/Users/max.vanray/.npm/_git-remotes/_templates --mirror git@github.com:vlucas/phpdotenv.git /Users/max.vanray/.npm/_git-remotes/git-github-com-vlucas-phpdotenv-git-3d4b71eb: Warning: Permanently added 'github.com,192.30.253.112' (RSA) to the list of known hosts.
65 error git clone --template=/Users/max.vanray/.npm/_git-remotes/_templates --mirror git@github.com:vlucas/phpdotenv.git /Users/max.vanray/.npm/_git-remotes/git-github-com-vlucas-phpdotenv-git-3d4b71eb: Permission denied (publickey).
65 error git clone --template=/Users/max.vanray/.npm/_git-remotes/_templates --mirror git@github.com:vlucas/phpdotenv.git /Users/max.vanray/.npm/_git-remotes/git-github-com-vlucas-phpdotenv-git-3d4b71eb: fatal: Could not read from remote repository.
65 error git clone --template=/Users/max.vanray/.npm/_git-remotes/_templates --mirror git@github.com:vlucas/phpdotenv.git /Users/max.vanray/.npm/_git-remotes/git-github-com-vlucas-phpdotenv-git-3d4b71eb:
65 error git clone --template=/Users/max.vanray/.npm/_git-remotes/_templates --mirror git@github.com:vlucas/phpdotenv.git /Users/max.vanray/.npm/_git-remotes/git-github-com-vlucas-phpdotenv-git-3d4b71eb: Please make sure you have the correct access rights
65 error git clone --template=/Users/max.vanray/.npm/_git-remotes/_templates --mirror git@github.com:vlucas/phpdotenv.git /Users/max.vanray/.npm/_git-remotes/git-github-com-vlucas-phpdotenv-git-3d4b71eb: and the repository exists.
66 silly fetchPackageMetaData Error: Command failed: git clone --template=/Users/max.vanray/.npm/_git-remotes/_templates --mirror git@github.com:vlucas/phpdotenv.git /Users/max.vanray/.npm/_git-remotes/git-github-com-vlucas-phpdotenv-git-3d4b71eb
66 silly fetchPackageMetaData Cloning into bare repository '/Users/max.vanray/.npm/_git-remotes/git-github-com-vlucas-phpdotenv-git-3d4b71eb'...
66 silly fetchPackageMetaData Warning: Permanently added 'github.com,192.30.253.112' (RSA) to the list of known hosts.
66 silly fetchPackageMetaData Permission denied (publickey).
66 silly fetchPackageMetaData fatal: Could not read from remote repository.
66 silly fetchPackageMetaData
66 silly fetchPackageMetaData Please make sure you have the correct access rights
66 silly fetchPackageMetaData and the repository exists.
66 silly fetchPackageMetaData
66 silly fetchPackageMetaData     at ChildProcess.exithandler (child_process.js:206:12)
66 silly fetchPackageMetaData     at emitTwo (events.js:106:13)
66 silly fetchPackageMetaData     at ChildProcess.emit (events.js:191:7)
66 silly fetchPackageMetaData     at maybeClose (internal/child_process.js:877:16)
66 silly fetchPackageMetaData     at Process.ChildProcess._handle.onexit (internal/child_process.js:226:5)
66 silly fetchPackageMetaData  error for vlucas/phpdotenv { Error: Command failed: git clone --template=/Users/max.vanray/.npm/_git-remotes/_templates --mirror git@github.com:vlucas/phpdotenv.git /Users/max.vanray/.npm/_git-remotes/git-github-com-vlucas-phpdotenv-git-3d4b71eb
66 silly fetchPackageMetaData Cloning into bare repository '/Users/max.vanray/.npm/_git-remotes/git-github-com-vlucas-phpdotenv-git-3d4b71eb'...
66 silly fetchPackageMetaData Warning: Permanently added 'github.com,192.30.253.112' (RSA) to the list of known hosts.
66 silly fetchPackageMetaData Permission denied (publickey).
66 silly fetchPackageMetaData fatal: Could not read from remote repository.
66 silly fetchPackageMetaData
66 silly fetchPackageMetaData Please make sure you have the correct access rights
66 silly fetchPackageMetaData and the repository exists.
66 silly fetchPackageMetaData
66 silly fetchPackageMetaData     at ChildProcess.exithandler (child_process.js:206:12)
66 silly fetchPackageMetaData     at emitTwo (events.js:106:13)
66 silly fetchPackageMetaData     at ChildProcess.emit (events.js:191:7)
66 silly fetchPackageMetaData     at maybeClose (internal/child_process.js:877:16)
66 silly fetchPackageMetaData     at Process.ChildProcess._handle.onexit (internal/child_process.js:226:5)
66 silly fetchPackageMetaData   killed: false,
66 silly fetchPackageMetaData   code: 128,
66 silly fetchPackageMetaData   signal: null,
66 silly fetchPackageMetaData   cmd: 'git clone --template=/Users/max.vanray/.npm/_git-remotes/_templates --mirror git@github.com:vlucas/phpdotenv.git /Users/max.vanray/.npm/_git-remotes/git-github-com-vlucas-phpdotenv-git-3d4b71eb' }
67 silly rollbackFailedOptional Starting
68 silly rollbackFailedOptional Finishing
69 silly runTopLevelLifecycles Finishing
70 silly install printInstalled
71 verbose stack Error: Command failed: git clone --template=/Users/max.vanray/.npm/_git-remotes/_templates --mirror git@github.com:vlucas/phpdotenv.git /Users/max.vanray/.npm/_git-remotes/git-github-com-vlucas-phpdotenv-git-3d4b71eb
71 verbose stack Cloning into bare repository '/Users/max.vanray/.npm/_git-remotes/git-github-com-vlucas-phpdotenv-git-3d4b71eb'...
71 verbose stack Warning: Permanently added 'github.com,192.30.253.112' (RSA) to the list of known hosts.
71 verbose stack Permission denied (publickey).
71 verbose stack fatal: Could not read from remote repository.
71 verbose stack
71 verbose stack Please make sure you have the correct access rights
71 verbose stack and the repository exists.
71 verbose stack
71 verbose stack     at ChildProcess.exithandler (child_process.js:206:12)
71 verbose stack     at emitTwo (events.js:106:13)
71 verbose stack     at ChildProcess.emit (events.js:191:7)
71 verbose stack     at maybeClose (internal/child_process.js:877:16)
71 verbose stack     at Process.ChildProcess._handle.onexit (internal/child_process.js:226:5)
72 verbose cwd /Users/max.vanray/Documents/Sandbox/bzanelli/bzanelli/wp-content/themes/bzanelli_theme
73 error Darwin 16.4.0
74 error argv "/usr/local/bin/node" "/usr/local/bin/npm" "install" "vlucas/phpdotenv"
75 error node v6.9.1
76 error npm  v3.10.8
77 error code 128
78 error Command failed: git clone --template=/Users/max.vanray/.npm/_git-remotes/_templates --mirror git@github.com:vlucas/phpdotenv.git /Users/max.vanray/.npm/_git-remotes/git-github-com-vlucas-phpdotenv-git-3d4b71eb
78 error Cloning into bare repository '/Users/max.vanray/.npm/_git-remotes/git-github-com-vlucas-phpdotenv-git-3d4b71eb'...
78 error Warning: Permanently added 'github.com,192.30.253.112' (RSA) to the list of known hosts.
78 error Permission denied (publickey).
78 error fatal: Could not read from remote repository.
78 error
78 error Please make sure you have the correct access rights
78 error and the repository exists.
79 error If you need help, you may report this error at:
79 error     <https://github.com/npm/npm/issues>
80 verbose exit [ 1, true ]
